Lmod Warning:
-------------------------------------------------------------------------------
The following dependent module(s) are not currently loaded: GCCcore/13.3.0
(required by: numactl/2.0.18-GCCcore-13.3.0, libfabric/1.21.0-GCCcore-13.3.0)
-------------------------------------------------------------------------------




The following have been reloaded with a version change:
  1) GCCcore/13.3.0 => GCCcore/14.2.0


The following have been reloaded with a version change:
  1) GCCcore/14.2.0 => GCCcore/13.3.0
  2) Python/3.13.1-GCCcore-14.2.0 => Python/3.12.3-GCCcore-13.3.0
  3) SQLite/3.47.2-GCCcore-14.2.0 => SQLite/3.45.3-GCCcore-13.3.0
  4) Tcl/8.6.16-GCCcore-14.2.0 => Tcl/8.6.14-GCCcore-13.3.0
  5) XZ/5.6.3-GCCcore-14.2.0 => XZ/5.4.5-GCCcore-13.3.0
  6) binutils/2.42-GCCcore-14.2.0 => binutils/2.42-GCCcore-13.3.0
  7) bzip2/1.0.8-GCCcore-14.2.0 => bzip2/1.0.8-GCCcore-13.3.0
  8) libffi/3.4.5-GCCcore-14.2.0 => libffi/3.4.5-GCCcore-13.3.0
  9) libreadline/8.2-GCCcore-14.2.0 => libreadline/8.2-GCCcore-13.3.0
 10) ncurses/6.5-GCCcore-14.2.0 => ncurses/6.5-GCCcore-13.3.0
 11) zlib/1.3.1-GCCcore-14.2.0 => zlib/1.3.1-GCCcore-13.3.0

python: can't open file '/var/spool/slurmd/finetune.py': [Errno 2] No such file or directory
