Lmod Warning:
-------------------------------------------------------------------------------
The following dependent module(s) are not currently loaded: GCCcore/13.3.0
(required by: numactl/2.0.18-GCCcore-13.3.0, libfabric/1.21.0-GCCcore-13.3.0)
-------------------------------------------------------------------------------




The following have been reloaded with a version change:
  1) GCCcore/13.3.0 => GCCcore/14.2.0


The following have been reloaded with a version change:
  1) GCCcore/14.2.0 => GCCcore/13.3.0
  2) Python/3.13.1-GCCcore-14.2.0 => Python/3.12.3-GCCcore-13.3.0
  3) SQLite/3.47.2-GCCcore-14.2.0 => SQLite/3.45.3-GCCcore-13.3.0
  4) Tcl/8.6.16-GCCcore-14.2.0 => Tcl/8.6.14-GCCcore-13.3.0
  5) XZ/5.6.3-GCCcore-14.2.0 => XZ/5.4.5-GCCcore-13.3.0
  6) binutils/2.42-GCCcore-14.2.0 => binutils/2.42-GCCcore-13.3.0
  7) bzip2/1.0.8-GCCcore-14.2.0 => bzip2/1.0.8-GCCcore-13.3.0
  8) libffi/3.4.5-GCCcore-14.2.0 => libffi/3.4.5-GCCcore-13.3.0
  9) libreadline/8.2-GCCcore-14.2.0 => libreadline/8.2-GCCcore-13.3.0
 10) ncurses/6.5-GCCcore-14.2.0 => ncurses/6.5-GCCcore-13.3.0
 11) zlib/1.3.1-GCCcore-14.2.0 => zlib/1.3.1-GCCcore-13.3.0

/var/spool/slurmd/job23694/slurm_script: line 44: /neural-networks/bin/activate: No such file or directory
cp: cannot stat '/neural-networks/data/tiny-imagenet-200': No such file or directory
Traceback (most recent call last):
  File "/home/kingj2/neural-networks/assignment2/train.py", line 229, in <module>
    main()
  File "/home/kingj2/neural-networks/assignment2/train.py", line 136, in main
    train_loader, val_loader, test_loader = get_tiny_imagenet_loaders(
                                            ^^^^^^^^^^^^^^^^^^^^^^^^^^
  File "/home/kingj2/neural-networks/assignment2/utils.py", line 119, in get_tiny_imagenet_loaders
    full_aug       = datasets.ImageFolder(train_root, transform=train_tf)
                     ^^^^^^^^^^^^^^^^^^^^^^^^^^^^^^^^^^^^^^^^^^^^^^^^^^^^
  File "/home/kingj2/.local/lib/python3.12/site-packages/torchvision/datasets/folder.py", line 328, in __init__
    super().__init__(
  File "/home/kingj2/.local/lib/python3.12/site-packages/torchvision/datasets/folder.py", line 149, in __init__
    classes, class_to_idx = self.find_classes(self.root)
                            ^^^^^^^^^^^^^^^^^^^^^^^^^^^^
  File "/home/kingj2/.local/lib/python3.12/site-packages/torchvision/datasets/folder.py", line 234, in find_classes
    return find_classes(directory)
           ^^^^^^^^^^^^^^^^^^^^^^^
  File "/home/kingj2/.local/lib/python3.12/site-packages/torchvision/datasets/folder.py", line 41, in find_classes
    classes = sorted(entry.name for entry in os.scandir(directory) if entry.is_dir())
                                             ^^^^^^^^^^^^^^^^^^^^^
FileNotFoundError: [Errno 2] No such file or directory: '/tmp/tiny-imagenet-200/train'
