Lmod Warning:
-------------------------------------------------------------------------------
The following dependent module(s) are not currently loaded: GCCcore/13.3.0
(required by: numactl/2.0.18-GCCcore-13.3.0, libfabric/1.21.0-GCCcore-13.3.0,
GCC/13.3.0, cffi/1.16.0-GCCcore-13.3.0, cryptography/42.0.8-GCCcore-13.3.0,
virtualenv/20.26.2-GCCcore-13.3.0, Python-bundle-PyPI/2024.06-GCCcore-13.3.0),
Python/3.12.3-GCCcore-13.3.0 (required by: cffi/1.16.0-GCCcore-13.3.0,
cryptography/42.0.8-GCCcore-13.3.0, virtualenv/20.26.2-GCCcore-13.3.0,
Python-bundle-PyPI/2024.06-GCCcore-13.3.0, SciPy-bundle/2024.05-gfbf-2024a),
binutils/2.42-GCCcore-13.3.0 (required by: GCC/13.3.0)
-------------------------------------------------------------------------------




The following have been reloaded with a version change:
  1) GCCcore/13.3.0 => GCCcore/14.2.0
  2) Python/3.12.3-GCCcore-13.3.0 => Python/3.13.1-GCCcore-14.2.0
  3) SQLite/3.45.3-GCCcore-13.3.0 => SQLite/3.47.2-GCCcore-14.2.0
  4) Tcl/8.6.14-GCCcore-13.3.0 => Tcl/8.6.16-GCCcore-14.2.0
  5) XZ/5.4.5-GCCcore-13.3.0 => XZ/5.6.3-GCCcore-14.2.0
  6) binutils/2.42-GCCcore-13.3.0 => binutils/2.42-GCCcore-14.2.0
  7) bzip2/1.0.8-GCCcore-13.3.0 => bzip2/1.0.8-GCCcore-14.2.0
  8) libffi/3.4.5-GCCcore-13.3.0 => libffi/3.4.5-GCCcore-14.2.0
  9) libreadline/8.2-GCCcore-13.3.0 => libreadline/8.2-GCCcore-14.2.0
 10) ncurses/6.5-GCCcore-13.3.0 => ncurses/6.5-GCCcore-14.2.0
 11) zlib/1.3.1-GCCcore-13.3.0 => zlib/1.3.1-GCCcore-14.2.0


The following have been reloaded with a version change:
  1) GCCcore/14.2.0 => GCCcore/13.3.0
  2) Python/3.13.1-GCCcore-14.2.0 => Python/3.12.3-GCCcore-13.3.0
  3) SQLite/3.47.2-GCCcore-14.2.0 => SQLite/3.45.3-GCCcore-13.3.0
  4) Tcl/8.6.16-GCCcore-14.2.0 => Tcl/8.6.14-GCCcore-13.3.0
  5) XZ/5.6.3-GCCcore-14.2.0 => XZ/5.4.5-GCCcore-13.3.0
  6) binutils/2.42-GCCcore-14.2.0 => binutils/2.42-GCCcore-13.3.0
  7) bzip2/1.0.8-GCCcore-14.2.0 => bzip2/1.0.8-GCCcore-13.3.0
  8) libffi/3.4.5-GCCcore-14.2.0 => libffi/3.4.5-GCCcore-13.3.0
  9) libreadline/8.2-GCCcore-14.2.0 => libreadline/8.2-GCCcore-13.3.0
 10) ncurses/6.5-GCCcore-14.2.0 => ncurses/6.5-GCCcore-13.3.0
 11) zlib/1.3.1-GCCcore-14.2.0 => zlib/1.3.1-GCCcore-13.3.0

/home/kingj2/.local/lib/python3.12/site-packages/torch/utils/data/dataloader.py:1118: UserWarning: 'pin_memory' argument is set as true but no accelerator is found, then device pinned memory won't be used.
  super().__init__(loader)
/home/kingj2/.local/lib/python3.12/site-packages/torch/utils/data/dataloader.py:1118: UserWarning: 'pin_memory' argument is set as true but no accelerator is found, then device pinned memory won't be used.
  super().__init__(loader)
/home/kingj2/.local/lib/python3.12/site-packages/sklearn/metrics/_ranking.py:442: UndefinedMetricWarning: Only one class is present in y_true. ROC AUC score is not defined in that case.
  warnings.warn(
/home/kingj2/.local/lib/python3.12/site-packages/sklearn/metrics/_ranking.py:442: UndefinedMetricWarning: Only one class is present in y_true. ROC AUC score is not defined in that case.
  warnings.warn(
/home/kingj2/.local/lib/python3.12/site-packages/sklearn/metrics/_ranking.py:442: UndefinedMetricWarning: Only one class is present in y_true. ROC AUC score is not defined in that case.
  warnings.warn(
/home/kingj2/.local/lib/python3.12/site-packages/sklearn/metrics/_ranking.py:442: UndefinedMetricWarning: Only one class is present in y_true. ROC AUC score is not defined in that case.
  warnings.warn(
/home/kingj2/.local/lib/python3.12/site-packages/sklearn/metrics/_ranking.py:442: UndefinedMetricWarning: Only one class is present in y_true. ROC AUC score is not defined in that case.
  warnings.warn(
/home/kingj2/.local/lib/python3.12/site-packages/sklearn/metrics/_ranking.py:442: UndefinedMetricWarning: Only one class is present in y_true. ROC AUC score is not defined in that case.
  warnings.warn(
/home/kingj2/.local/lib/python3.12/site-packages/sklearn/metrics/_ranking.py:442: UndefinedMetricWarning: Only one class is present in y_true. ROC AUC score is not defined in that case.
  warnings.warn(
/home/kingj2/.local/lib/python3.12/site-packages/sklearn/metrics/_ranking.py:442: UndefinedMetricWarning: Only one class is present in y_true. ROC AUC score is not defined in that case.
  warnings.warn(
/home/kingj2/.local/lib/python3.12/site-packages/sklearn/metrics/_ranking.py:442: UndefinedMetricWarning: Only one class is present in y_true. ROC AUC score is not defined in that case.
  warnings.warn(
/home/kingj2/.local/lib/python3.12/site-packages/sklearn/metrics/_ranking.py:442: UndefinedMetricWarning: Only one class is present in y_true. ROC AUC score is not defined in that case.
  warnings.warn(
/home/kingj2/.local/lib/python3.12/site-packages/sklearn/metrics/_ranking.py:442: UndefinedMetricWarning: Only one class is present in y_true. ROC AUC score is not defined in that case.
  warnings.warn(
/home/kingj2/.local/lib/python3.12/site-packages/sklearn/metrics/_ranking.py:442: UndefinedMetricWarning: Only one class is present in y_true. ROC AUC score is not defined in that case.
  warnings.warn(
/home/kingj2/.local/lib/python3.12/site-packages/sklearn/metrics/_ranking.py:442: UndefinedMetricWarning: Only one class is present in y_true. ROC AUC score is not defined in that case.
  warnings.warn(
/home/kingj2/.local/lib/python3.12/site-packages/sklearn/metrics/_ranking.py:442: UndefinedMetricWarning: Only one class is present in y_true. ROC AUC score is not defined in that case.
  warnings.warn(
/home/kingj2/.local/lib/python3.12/site-packages/sklearn/metrics/_ranking.py:442: UndefinedMetricWarning: Only one class is present in y_true. ROC AUC score is not defined in that case.
  warnings.warn(
/home/kingj2/.local/lib/python3.12/site-packages/sklearn/metrics/_ranking.py:442: UndefinedMetricWarning: Only one class is present in y_true. ROC AUC score is not defined in that case.
  warnings.warn(
/home/kingj2/.local/lib/python3.12/site-packages/sklearn/metrics/_ranking.py:442: UndefinedMetricWarning: Only one class is present in y_true. ROC AUC score is not defined in that case.
  warnings.warn(
/home/kingj2/.local/lib/python3.12/site-packages/sklearn/metrics/_ranking.py:442: UndefinedMetricWarning: Only one class is present in y_true. ROC AUC score is not defined in that case.
  warnings.warn(
/home/kingj2/.local/lib/python3.12/site-packages/sklearn/metrics/_ranking.py:442: UndefinedMetricWarning: Only one class is present in y_true. ROC AUC score is not defined in that case.
  warnings.warn(
/home/kingj2/.local/lib/python3.12/site-packages/sklearn/metrics/_ranking.py:442: UndefinedMetricWarning: Only one class is present in y_true. ROC AUC score is not defined in that case.
  warnings.warn(
/home/kingj2/.local/lib/python3.12/site-packages/sklearn/metrics/_ranking.py:442: UndefinedMetricWarning: Only one class is present in y_true. ROC AUC score is not defined in that case.
  warnings.warn(
/home/kingj2/.local/lib/python3.12/site-packages/sklearn/metrics/_ranking.py:442: UndefinedMetricWarning: Only one class is present in y_true. ROC AUC score is not defined in that case.
  warnings.warn(
/home/kingj2/.local/lib/python3.12/site-packages/sklearn/metrics/_ranking.py:442: UndefinedMetricWarning: Only one class is present in y_true. ROC AUC score is not defined in that case.
  warnings.warn(
/home/kingj2/.local/lib/python3.12/site-packages/sklearn/metrics/_ranking.py:442: UndefinedMetricWarning: Only one class is present in y_true. ROC AUC score is not defined in that case.
  warnings.warn(
/home/kingj2/.local/lib/python3.12/site-packages/sklearn/metrics/_ranking.py:442: UndefinedMetricWarning: Only one class is present in y_true. ROC AUC score is not defined in that case.
  warnings.warn(
/home/kingj2/.local/lib/python3.12/site-packages/sklearn/metrics/_ranking.py:442: UndefinedMetricWarning: Only one class is present in y_true. ROC AUC score is not defined in that case.
  warnings.warn(
/home/kingj2/.local/lib/python3.12/site-packages/sklearn/metrics/_ranking.py:1131: UserWarning: No positive class found in y_true, recall is set to one for all thresholds.
  warnings.warn(
/home/kingj2/.local/lib/python3.12/site-packages/sklearn/metrics/_ranking.py:1131: UserWarning: No positive class found in y_true, recall is set to one for all thresholds.
  warnings.warn(
/home/kingj2/.local/lib/python3.12/site-packages/sklearn/metrics/_ranking.py:1131: UserWarning: No positive class found in y_true, recall is set to one for all thresholds.
  warnings.warn(
/home/kingj2/.local/lib/python3.12/site-packages/sklearn/metrics/_ranking.py:1131: UserWarning: No positive class found in y_true, recall is set to one for all thresholds.
  warnings.warn(
/home/kingj2/.local/lib/python3.12/site-packages/sklearn/metrics/_ranking.py:1131: UserWarning: No positive class found in y_true, recall is set to one for all thresholds.
  warnings.warn(
/home/kingj2/.local/lib/python3.12/site-packages/sklearn/metrics/_ranking.py:1131: UserWarning: No positive class found in y_true, recall is set to one for all thresholds.
  warnings.warn(
/home/kingj2/.local/lib/python3.12/site-packages/sklearn/metrics/_ranking.py:1131: UserWarning: No positive class found in y_true, recall is set to one for all thresholds.
  warnings.warn(
/home/kingj2/.local/lib/python3.12/site-packages/sklearn/metrics/_ranking.py:1131: UserWarning: No positive class found in y_true, recall is set to one for all thresholds.
  warnings.warn(
/home/kingj2/.local/lib/python3.12/site-packages/sklearn/metrics/_ranking.py:1131: UserWarning: No positive class found in y_true, recall is set to one for all thresholds.
  warnings.warn(
/home/kingj2/.local/lib/python3.12/site-packages/sklearn/metrics/_ranking.py:1131: UserWarning: No positive class found in y_true, recall is set to one for all thresholds.
  warnings.warn(
/home/kingj2/.local/lib/python3.12/site-packages/sklearn/metrics/_ranking.py:1131: UserWarning: No positive class found in y_true, recall is set to one for all thresholds.
  warnings.warn(
/home/kingj2/.local/lib/python3.12/site-packages/sklearn/metrics/_ranking.py:1131: UserWarning: No positive class found in y_true, recall is set to one for all thresholds.
  warnings.warn(
/home/kingj2/.local/lib/python3.12/site-packages/sklearn/metrics/_ranking.py:1131: UserWarning: No positive class found in y_true, recall is set to one for all thresholds.
  warnings.warn(
/home/kingj2/.local/lib/python3.12/site-packages/sklearn/metrics/_ranking.py:1131: UserWarning: No positive class found in y_true, recall is set to one for all thresholds.
  warnings.warn(
/home/kingj2/.local/lib/python3.12/site-packages/sklearn/metrics/_ranking.py:1131: UserWarning: No positive class found in y_true, recall is set to one for all thresholds.
  warnings.warn(
/home/kingj2/.local/lib/python3.12/site-packages/sklearn/metrics/_ranking.py:1131: UserWarning: No positive class found in y_true, recall is set to one for all thresholds.
  warnings.warn(
/home/kingj2/.local/lib/python3.12/site-packages/sklearn/metrics/_ranking.py:1131: UserWarning: No positive class found in y_true, recall is set to one for all thresholds.
  warnings.warn(
/home/kingj2/.local/lib/python3.12/site-packages/sklearn/metrics/_ranking.py:1131: UserWarning: No positive class found in y_true, recall is set to one for all thresholds.
  warnings.warn(
/home/kingj2/.local/lib/python3.12/site-packages/sklearn/metrics/_ranking.py:1131: UserWarning: No positive class found in y_true, recall is set to one for all thresholds.
  warnings.warn(
/home/kingj2/.local/lib/python3.12/site-packages/sklearn/metrics/_ranking.py:1131: UserWarning: No positive class found in y_true, recall is set to one for all thresholds.
  warnings.warn(
/home/kingj2/.local/lib/python3.12/site-packages/sklearn/metrics/_ranking.py:1131: UserWarning: No positive class found in y_true, recall is set to one for all thresholds.
  warnings.warn(
/home/kingj2/.local/lib/python3.12/site-packages/sklearn/metrics/_ranking.py:1131: UserWarning: No positive class found in y_true, recall is set to one for all thresholds.
  warnings.warn(
/home/kingj2/.local/lib/python3.12/site-packages/sklearn/metrics/_ranking.py:1131: UserWarning: No positive class found in y_true, recall is set to one for all thresholds.
  warnings.warn(
/home/kingj2/.local/lib/python3.12/site-packages/sklearn/metrics/_ranking.py:1131: UserWarning: No positive class found in y_true, recall is set to one for all thresholds.
  warnings.warn(
/home/kingj2/.local/lib/python3.12/site-packages/sklearn/metrics/_ranking.py:1131: UserWarning: No positive class found in y_true, recall is set to one for all thresholds.
  warnings.warn(
/home/kingj2/.local/lib/python3.12/site-packages/sklearn/metrics/_ranking.py:1131: UserWarning: No positive class found in y_true, recall is set to one for all thresholds.
  warnings.warn(
/home/kingj2/.local/lib/python3.12/site-packages/sklearn/metrics/_ranking.py:1131: UserWarning: No positive class found in y_true, recall is set to one for all thresholds.
  warnings.warn(
/home/kingj2/.local/lib/python3.12/site-packages/sklearn/metrics/_ranking.py:1131: UserWarning: No positive class found in y_true, recall is set to one for all thresholds.
  warnings.warn(
/home/kingj2/.local/lib/python3.12/site-packages/sklearn/metrics/_ranking.py:1131: UserWarning: No positive class found in y_true, recall is set to one for all thresholds.
  warnings.warn(
/home/kingj2/.local/lib/python3.12/site-packages/sklearn/metrics/_ranking.py:1131: UserWarning: No positive class found in y_true, recall is set to one for all thresholds.
  warnings.warn(
/home/kingj2/.local/lib/python3.12/site-packages/sklearn/metrics/_ranking.py:1131: UserWarning: No positive class found in y_true, recall is set to one for all thresholds.
  warnings.warn(
/home/kingj2/.local/lib/python3.12/site-packages/sklearn/metrics/_ranking.py:1131: UserWarning: No positive class found in y_true, recall is set to one for all thresholds.
  warnings.warn(
/home/kingj2/.local/lib/python3.12/site-packages/sklearn/metrics/_ranking.py:1303: UndefinedMetricWarning: No positive samples in y_true, true positive value should be meaningless
  warnings.warn(
/home/kingj2/.local/lib/python3.12/site-packages/sklearn/metrics/_ranking.py:1303: UndefinedMetricWarning: No positive samples in y_true, true positive value should be meaningless
  warnings.warn(
/home/kingj2/.local/lib/python3.12/site-packages/sklearn/metrics/_ranking.py:1303: UndefinedMetricWarning: No positive samples in y_true, true positive value should be meaningless
  warnings.warn(
/home/kingj2/.local/lib/python3.12/site-packages/sklearn/metrics/_ranking.py:1303: UndefinedMetricWarning: No positive samples in y_true, true positive value should be meaningless
  warnings.warn(
/home/kingj2/.local/lib/python3.12/site-packages/sklearn/metrics/_ranking.py:1303: UndefinedMetricWarning: No positive samples in y_true, true positive value should be meaningless
  warnings.warn(
/home/kingj2/.local/lib/python3.12/site-packages/sklearn/metrics/_ranking.py:1303: UndefinedMetricWarning: No positive samples in y_true, true positive value should be meaningless
  warnings.warn(
/home/kingj2/.local/lib/python3.12/site-packages/sklearn/metrics/_ranking.py:1303: UndefinedMetricWarning: No positive samples in y_true, true positive value should be meaningless
  warnings.warn(
/home/kingj2/.local/lib/python3.12/site-packages/sklearn/metrics/_ranking.py:1303: UndefinedMetricWarning: No positive samples in y_true, true positive value should be meaningless
  warnings.warn(
/home/kingj2/.local/lib/python3.12/site-packages/sklearn/metrics/_ranking.py:1303: UndefinedMetricWarning: No positive samples in y_true, true positive value should be meaningless
  warnings.warn(
/home/kingj2/.local/lib/python3.12/site-packages/sklearn/metrics/_ranking.py:1303: UndefinedMetricWarning: No positive samples in y_true, true positive value should be meaningless
  warnings.warn(
/home/kingj2/.local/lib/python3.12/site-packages/sklearn/metrics/_ranking.py:1303: UndefinedMetricWarning: No positive samples in y_true, true positive value should be meaningless
  warnings.warn(
/home/kingj2/.local/lib/python3.12/site-packages/sklearn/metrics/_ranking.py:1303: UndefinedMetricWarning: No positive samples in y_true, true positive value should be meaningless
  warnings.warn(
/home/kingj2/.local/lib/python3.12/site-packages/sklearn/metrics/_ranking.py:1303: UndefinedMetricWarning: No positive samples in y_true, true positive value should be meaningless
  warnings.warn(
/home/kingj2/.local/lib/python3.12/site-packages/sklearn/metrics/_ranking.py:1303: UndefinedMetricWarning: No positive samples in y_true, true positive value should be meaningless
  warnings.warn(
/home/kingj2/.local/lib/python3.12/site-packages/sklearn/metrics/_ranking.py:1303: UndefinedMetricWarning: No positive samples in y_true, true positive value should be meaningless
  warnings.warn(
/home/kingj2/.local/lib/python3.12/site-packages/sklearn/metrics/_ranking.py:1303: UndefinedMetricWarning: No positive samples in y_true, true positive value should be meaningless
  warnings.warn(
/home/kingj2/.local/lib/python3.12/site-packages/sklearn/metrics/_ranking.py:1303: UndefinedMetricWarning: No positive samples in y_true, true positive value should be meaningless
  warnings.warn(
/home/kingj2/.local/lib/python3.12/site-packages/sklearn/metrics/_ranking.py:1303: UndefinedMetricWarning: No positive samples in y_true, true positive value should be meaningless
  warnings.warn(
/home/kingj2/.local/lib/python3.12/site-packages/sklearn/metrics/_ranking.py:1303: UndefinedMetricWarning: No positive samples in y_true, true positive value should be meaningless
  warnings.warn(
/home/kingj2/.local/lib/python3.12/site-packages/sklearn/metrics/_ranking.py:1303: UndefinedMetricWarning: No positive samples in y_true, true positive value should be meaningless
  warnings.warn(
/home/kingj2/.local/lib/python3.12/site-packages/sklearn/metrics/_ranking.py:1303: UndefinedMetricWarning: No positive samples in y_true, true positive value should be meaningless
  warnings.warn(
/home/kingj2/.local/lib/python3.12/site-packages/sklearn/metrics/_ranking.py:1303: UndefinedMetricWarning: No positive samples in y_true, true positive value should be meaningless
  warnings.warn(
/home/kingj2/.local/lib/python3.12/site-packages/sklearn/metrics/_ranking.py:1303: UndefinedMetricWarning: No positive samples in y_true, true positive value should be meaningless
  warnings.warn(
/home/kingj2/.local/lib/python3.12/site-packages/sklearn/metrics/_ranking.py:1303: UndefinedMetricWarning: No positive samples in y_true, true positive value should be meaningless
  warnings.warn(
/home/kingj2/.local/lib/python3.12/site-packages/sklearn/metrics/_ranking.py:1303: UndefinedMetricWarning: No positive samples in y_true, true positive value should be meaningless
  warnings.warn(
/home/kingj2/.local/lib/python3.12/site-packages/sklearn/metrics/_ranking.py:1303: UndefinedMetricWarning: No positive samples in y_true, true positive value should be meaningless
  warnings.warn(
/home/kingj2/.local/lib/python3.12/site-packages/sklearn/metrics/_ranking.py:1303: UndefinedMetricWarning: No positive samples in y_true, true positive value should be meaningless
  warnings.warn(
/home/kingj2/.local/lib/python3.12/site-packages/sklearn/metrics/_ranking.py:1303: UndefinedMetricWarning: No positive samples in y_true, true positive value should be meaningless
  warnings.warn(
/home/kingj2/.local/lib/python3.12/site-packages/sklearn/metrics/_ranking.py:1303: UndefinedMetricWarning: No positive samples in y_true, true positive value should be meaningless
  warnings.warn(
/home/kingj2/.local/lib/python3.12/site-packages/sklearn/metrics/_ranking.py:1303: UndefinedMetricWarning: No positive samples in y_true, true positive value should be meaningless
  warnings.warn(
/home/kingj2/.local/lib/python3.12/site-packages/sklearn/metrics/_ranking.py:1303: UndefinedMetricWarning: No positive samples in y_true, true positive value should be meaningless
  warnings.warn(
/home/kingj2/.local/lib/python3.12/site-packages/sklearn/metrics/_ranking.py:1303: UndefinedMetricWarning: No positive samples in y_true, true positive value should be meaningless
  warnings.warn(
/home/kingj2/.local/lib/python3.12/site-packages/sklearn/metrics/_ranking.py:1131: UserWarning: No positive class found in y_true, recall is set to one for all thresholds.
  warnings.warn(
/home/kingj2/.local/lib/python3.12/site-packages/sklearn/metrics/_ranking.py:1131: UserWarning: No positive class found in y_true, recall is set to one for all thresholds.
  warnings.warn(
/home/kingj2/.local/lib/python3.12/site-packages/sklearn/metrics/_ranking.py:1131: UserWarning: No positive class found in y_true, recall is set to one for all thresholds.
  warnings.warn(
/home/kingj2/.local/lib/python3.12/site-packages/sklearn/metrics/_ranking.py:1131: UserWarning: No positive class found in y_true, recall is set to one for all thresholds.
  warnings.warn(
/home/kingj2/.local/lib/python3.12/site-packages/sklearn/metrics/_ranking.py:1131: UserWarning: No positive class found in y_true, recall is set to one for all thresholds.
  warnings.warn(
/home/kingj2/.local/lib/python3.12/site-packages/sklearn/metrics/_ranking.py:1131: UserWarning: No positive class found in y_true, recall is set to one for all thresholds.
  warnings.warn(
/home/kingj2/.local/lib/python3.12/site-packages/sklearn/metrics/_ranking.py:1131: UserWarning: No positive class found in y_true, recall is set to one for all thresholds.
  warnings.warn(
/home/kingj2/.local/lib/python3.12/site-packages/sklearn/metrics/_ranking.py:1131: UserWarning: No positive class found in y_true, recall is set to one for all thresholds.
  warnings.warn(
/home/kingj2/.local/lib/python3.12/site-packages/sklearn/metrics/_ranking.py:1131: UserWarning: No positive class found in y_true, recall is set to one for all thresholds.
  warnings.warn(
/home/kingj2/.local/lib/python3.12/site-packages/sklearn/metrics/_ranking.py:1131: UserWarning: No positive class found in y_true, recall is set to one for all thresholds.
  warnings.warn(
/home/kingj2/.local/lib/python3.12/site-packages/sklearn/metrics/_ranking.py:1131: UserWarning: No positive class found in y_true, recall is set to one for all thresholds.
  warnings.warn(
/home/kingj2/.local/lib/python3.12/site-packages/sklearn/metrics/_ranking.py:1131: UserWarning: No positive class found in y_true, recall is set to one for all thresholds.
  warnings.warn(
/home/kingj2/.local/lib/python3.12/site-packages/sklearn/metrics/_ranking.py:1131: UserWarning: No positive class found in y_true, recall is set to one for all thresholds.
  warnings.warn(
/home/kingj2/.local/lib/python3.12/site-packages/sklearn/metrics/_ranking.py:1131: UserWarning: No positive class found in y_true, recall is set to one for all thresholds.
  warnings.warn(
/home/kingj2/.local/lib/python3.12/site-packages/sklearn/metrics/_ranking.py:1131: UserWarning: No positive class found in y_true, recall is set to one for all thresholds.
  warnings.warn(
/home/kingj2/.local/lib/python3.12/site-packages/sklearn/metrics/_ranking.py:1131: UserWarning: No positive class found in y_true, recall is set to one for all thresholds.
  warnings.warn(
/home/kingj2/.local/lib/python3.12/site-packages/sklearn/metrics/_ranking.py:1131: UserWarning: No positive class found in y_true, recall is set to one for all thresholds.
  warnings.warn(
/home/kingj2/.local/lib/python3.12/site-packages/sklearn/metrics/_ranking.py:1131: UserWarning: No positive class found in y_true, recall is set to one for all thresholds.
  warnings.warn(
/home/kingj2/.local/lib/python3.12/site-packages/sklearn/metrics/_ranking.py:1131: UserWarning: No positive class found in y_true, recall is set to one for all thresholds.
  warnings.warn(
/home/kingj2/.local/lib/python3.12/site-packages/sklearn/metrics/_ranking.py:1131: UserWarning: No positive class found in y_true, recall is set to one for all thresholds.
  warnings.warn(
/home/kingj2/.local/lib/python3.12/site-packages/sklearn/metrics/_ranking.py:1131: UserWarning: No positive class found in y_true, recall is set to one for all thresholds.
  warnings.warn(
/home/kingj2/.local/lib/python3.12/site-packages/sklearn/metrics/_ranking.py:1131: UserWarning: No positive class found in y_true, recall is set to one for all thresholds.
  warnings.warn(
/home/kingj2/.local/lib/python3.12/site-packages/sklearn/metrics/_ranking.py:1131: UserWarning: No positive class found in y_true, recall is set to one for all thresholds.
  warnings.warn(
/home/kingj2/.local/lib/python3.12/site-packages/sklearn/metrics/_ranking.py:1131: UserWarning: No positive class found in y_true, recall is set to one for all thresholds.
  warnings.warn(
/home/kingj2/.local/lib/python3.12/site-packages/sklearn/metrics/_ranking.py:1131: UserWarning: No positive class found in y_true, recall is set to one for all thresholds.
  warnings.warn(
/home/kingj2/.local/lib/python3.12/site-packages/sklearn/metrics/_ranking.py:1131: UserWarning: No positive class found in y_true, recall is set to one for all thresholds.
  warnings.warn(
/home/kingj2/.local/lib/python3.12/site-packages/sklearn/metrics/_ranking.py:1131: UserWarning: No positive class found in y_true, recall is set to one for all thresholds.
  warnings.warn(
/home/kingj2/.local/lib/python3.12/site-packages/sklearn/metrics/_ranking.py:1131: UserWarning: No positive class found in y_true, recall is set to one for all thresholds.
  warnings.warn(
/home/kingj2/.local/lib/python3.12/site-packages/sklearn/metrics/_ranking.py:1131: UserWarning: No positive class found in y_true, recall is set to one for all thresholds.
  warnings.warn(
/home/kingj2/.local/lib/python3.12/site-packages/sklearn/metrics/_ranking.py:1131: UserWarning: No positive class found in y_true, recall is set to one for all thresholds.
  warnings.warn(
/home/kingj2/.local/lib/python3.12/site-packages/sklearn/metrics/_ranking.py:1131: UserWarning: No positive class found in y_true, recall is set to one for all thresholds.
  warnings.warn(
/home/kingj2/.local/lib/python3.12/site-packages/sklearn/metrics/_ranking.py:1131: UserWarning: No positive class found in y_true, recall is set to one for all thresholds.
  warnings.warn(
